14:16:02 **** Incremental Build of configuration Debug for project Nested Template Classes ****
make all 
Building file: ../src/Nested Template Classes.cpp
Invoking: GCC C++ Compiler
g++ -O0 -g3 -Wall -c -fmessage-length=0 -std=gnu++11 -MMD -MP -MF"src/Nested Template Classes.d" -MT"src/Nested\ Template\ Classes.d" -o "src/Nested Template Classes.o" "../src/Nested Template Classes.cpp"
../src/Nested Template Classes.cpp:14:2: error: use of undeclared identifier 'ring'
        ring<string> textring(3);
        ^
../src/Nested Template Classes.cpp:14:7: error: unexpected type name 'string': expected expression
        ring<string> textring(3);
             ^
../src/Nested Template Classes.cpp:14:15: error: use of undeclared identifier 'textring'
        ring<string> textring(3);
                     ^
../src/Nested Template Classes.cpp:16:2: error: use of undeclared identifier 'textring'
        textring.add("one");
        ^
../src/Nested Template Classes.cpp:17:2: error: use of undeclared identifier 'textring'
        textring.add("two");
        ^
../src/Nested Template Classes.cpp:18:2: error: use of undeclared identifier 'textring'
        textring.add("three");
        ^
../src/Nested Template Classes.cpp:19:2: error: use of undeclared identifier 'textring'
        textring.add("four");
        ^
../src/Nested Template Classes.cpp:21:20: error: use of undeclared identifier 'textring'
        for (int i=0; i < textring.size(); i++)
                          ^
../src/Nested Template Classes.cpp:23:11: error: use of undeclared identifier 'textring'
                cout << textring.get(i) << endl;
                        ^
9 errors generated.
make: *** [src/Nested Template Classes.o] Error 1
14:18:01 **** Incremental Build of configuration Debug for project A Complex Number Class ****
make all 
make: Nothing to be done for `all'.
14:18:01 **** Incremental Build of configuration Debug for project Abstract Classes ****
make all 
make: Nothing to be done for `all'.
14:18:01 **** Incremental Build of configuration Debug for project Auto Pointers ****
make all 
make: Nothing to be done for `all'.
14:18:01 **** Incremental Build of configuration Debug for project Custom Objects as Map Keys ****
make all 
make: Nothing to be done for `all'.
14:18:01 **** Incremental Build of configuration Debug for project Custom Objects as Map Values ****
make all 
make: Nothing to be done for `all'.
14:18:02 **** Incremental Build of configuration Debug for project Decltype and Typeid ****
make all 
make: Nothing to be done for `all'.
14:18:02 **** Incremental Build of configuration Debug for project Enhanced For Loop ****
make all 
make: Nothing to be done for `all'.
14:18:02 **** Incremental Build of configuration Debug for project Exception ****
make all 
make: Nothing to be done for `all'.
14:18:02 **** Incremental Build of configuration Debug for project Function Pointers ****
make all 
make: Nothing to be done for `all'.
14:18:03 **** Incremental Build of configuration Debug for project Functors ****
make all 
make: Nothing to be done for `all'.
14:18:03 **** Incremental Build of configuration Debug for project Lists ****
make all 
make: Nothing to be done for `all'.
14:18:03 **** Incremental Build of configuration Debug for project Maps ****
make all 
make: Nothing to be done for `all'.
14:18:03 **** Incremental Build of configuration Debug for project Multimap ****
make all 
make: Nothing to be done for `all'.
14:18:03 **** Incremental Build of configuration Debug for project Nested Template Classes ****
make all 
Building file: ../src/Nested Template Classes.cpp
Invoking: GCC C++ Compiler
g++ -O0 -g3 -Wall -c -fmessage-length=0 -std=gnu++11 -MMD -MP -MF"src/Nested Template Classes.d" -MT"src/Nested\ Template\ Classes.d" -o "src/Nested Template Classes.o" "../src/Nested Template Classes.cpp"
../src/Nested Template Classes.cpp:14:2: error: use of undeclared identifier 'ring'
        ring<string> textring(3);
        ^
../src/Nested Template Classes.cpp:14:7: error: unexpected type name 'string': expected expression
        ring<string> textring(3);
             ^
../src/Nested Template Classes.cpp:14:15: error: use of undeclared identifier 'textring'
        ring<string> textring(3);
                     ^
../src/Nested Template Classes.cpp:16:2: error: use of undeclared identifier 'textring'
        textring.add("one");
        ^
../src/Nested Template Classes.cpp:17:2: error: use of undeclared identifier 'textring'
        textring.add("two");
        ^
../src/Nested Template Classes.cpp:18:2: error: use of undeclared identifier 'textring'
        textring.add("three");
        ^
../src/Nested Template Classes.cpp:19:2: error: use of undeclared identifier 'textring'
        textring.add("four");
        ^
../src/Nested Template Classes.cpp:21:20: error: use of undeclared identifier 'textring'
        for (int i=0; i < textring.size(); i++)
                          ^
../src/Nested Template Classes.cpp:23:11: error: use of undeclared identifier 'textring'
                cout << textring.get(i) << endl;
                        ^
9 errors generated.
make: *** [src/Nested Template Classes.o] Error 1
14:18:04 **** Incremental Build of configuration Debug for project Object Slicing and Polymorphism ****
make all 
make: Nothing to be done for `all'.
14:18:04 **** Incremental Build of configuration Debug for project Overloading Comparison Operators ****
make all 
make: Nothing to be done for `all'.
14:18:04 **** Incremental Build of configuration Debug for project Overloading Plus ****
make all 
make: Nothing to be done for `all'.
14:18:05 **** Incremental Build of configuration Debug for project Overloading the Assignment Operator ****
make all 
make: Nothing to be done for `all'.
14:18:05 **** Incremental Build of configuration Debug for project Overloading the Dereference Operator ****
make all 
make: Nothing to be done for `all'.
14:18:05 **** Incremental Build of configuration Debug for project Overloading the Insertion Operator for Printing ****
make all 
make: Nothing to be done for `all'.
14:18:05 **** Incremental Build of configuration Debug for project STL Complex Data Types ****
make all 
make: Nothing to be done for `all'.
14:18:06 **** Incremental Build of configuration Debug for project Sets ****
make all 
make: Nothing to be done for `all'.
14:18:06 **** Incremental Build of configuration Debug for project Sorting Vectors ****
make all 
make: Nothing to be done for `all'.
14:18:06 **** Incremental Build of configuration Debug for project Stack and Queue ****
make all 
make: Nothing to be done for `all'.
14:18:06 **** Incremental Build of configuration Debug for project Template Classes ****
make all 
make: Nothing to be done for `all'.
14:18:06 **** Incremental Build of configuration Debug for project Template Functions ****
make all 
make: Nothing to be done for `all'.
14:18:07 **** Incremental Build of configuration Debug for project Template Functions and Type Inference ****
make all 
make: Nothing to be done for `all'.
14:18:07 **** Incremental Build of configuration Debug for project The auto Keyword ****
make all 
make: Nothing to be done for `all'.
14:18:07 **** Incremental Build of configuration Debug for project Two Dimensional Vector ****
make all 
make: Nothing to be done for `all'.
14:18:07 **** Incremental Build of configuration Debug for project Using Function Pointers ****
make all 
make: Nothing to be done for `all'.
14:18:08 **** Incremental Build of configuration Debug for project Vectors ****
make all 
make: Nothing to be done for `all'.
14:18:08 **** Incremental Build of configuration Debug for project Vectors and Memory ****
make all 
make: Nothing to be done for `all'.
14:18:08 **** Incremental Build of configuration Debug for project Writing Text Files ****
make all 
make: Nothing to be done for `all'.
14:18:35 **** Incremental Build of configuration Debug for project A Complex Number Class ****
make all 
make: Nothing to be done for `all'.
14:18:36 **** Incremental Build of configuration Debug for project Abstract Classes ****
make all 
make: Nothing to be done for `all'.
14:18:36 **** Incremental Build of configuration Debug for project Auto Pointers ****
make all 
make: Nothing to be done for `all'.
14:18:36 **** Incremental Build of configuration Debug for project Custom Objects as Map Keys ****
make all 
make: Nothing to be done for `all'.
14:18:36 **** Incremental Build of configuration Debug for project Custom Objects as Map Values ****
make all 
make: Nothing to be done for `all'.
14:18:37 **** Incremental Build of configuration Debug for project Decltype and Typeid ****
make all 
make: Nothing to be done for `all'.
14:18:37 **** Incremental Build of configuration Debug for project Enhanced For Loop ****
make all 
make: Nothing to be done for `all'.
14:18:37 **** Incremental Build of configuration Debug for project Exception ****
make all 
make: Nothing to be done for `all'.
14:18:37 **** Incremental Build of configuration Debug for project Function Pointers ****
make all 
make: Nothing to be done for `all'.
14:18:37 **** Incremental Build of configuration Debug for project Functors ****
make all 
make: Nothing to be done for `all'.
14:18:38 **** Incremental Build of configuration Debug for project Lists ****
make all 
make: Nothing to be done for `all'.
14:18:38 **** Incremental Build of configuration Debug for project Maps ****
make all 
make: Nothing to be done for `all'.
14:18:38 **** Incremental Build of configuration Debug for project Multimap ****
make all 
make: Nothing to be done for `all'.
14:18:38 **** Incremental Build of configuration Debug for project Nested Template Classes ****
make all 
Building file: ../src/Nested Template Classes.cpp
Invoking: GCC C++ Compiler
g++ -O0 -g3 -Wall -c -fmessage-length=0 -std=gnu++11 -MMD -MP -MF"src/Nested Template Classes.d" -MT"src/Nested\ Template\ Classes.d" -o "src/Nested Template Classes.o" "../src/Nested Template Classes.cpp"
../src/Nested Template Classes.cpp:14:2: error: use of undeclared identifier 'ring'
        ring<string> textring(3);
        ^
../src/Nested Template Classes.cpp:14:7: error: unexpected type name 'string': expected expression
        ring<string> textring(3);
             ^
../src/Nested Template Classes.cpp:14:15: error: use of undeclared identifier 'textring'
        ring<string> textring(3);
                     ^
../src/Nested Template Classes.cpp:16:2: error: use of undeclared identifier 'textring'
        textring.add("one");
        ^
../src/Nested Template Classes.cpp:17:2: error: use of undeclared identifier 'textring'
        textring.add("two");
        ^
../src/Nested Template Classes.cpp:18:2: error: use of undeclared identifier 'textring'
        textring.add("three");
        ^
../src/Nested Template Classes.cpp:19:2: error: use of undeclared identifier 'textring'
        textring.add("four");
        ^
../src/Nested Template Classes.cpp:21:20: error: use of undeclared identifier 'textring'
        for (int i=0; i < textring.size(); i++)
                          ^
../src/Nested Template Classes.cpp:23:11: error: use of undeclared identifier 'textring'
                cout << textring.get(i) << endl;
                        ^
9 errors generated.
make: *** [src/Nested Template Classes.o] Error 1
14:18:39 **** Incremental Build of configuration Debug for project Object Slicing and Polymorphism ****
make all 
make: Nothing to be done for `all'.
14:18:39 **** Incremental Build of configuration Debug for project Overloading Comparison Operators ****
make all 
make: Nothing to be done for `all'.
14:18:39 **** Incremental Build of configuration Debug for project Overloading Plus ****
make all 
make: Nothing to be done for `all'.
14:18:40 **** Incremental Build of configuration Debug for project Overloading the Assignment Operator ****
make all 
make: Nothing to be done for `all'.
14:18:40 **** Incremental Build of configuration Debug for project Overloading the Dereference Operator ****
make all 
make: Nothing to be done for `all'.
14:18:40 **** Incremental Build of configuration Debug for project Overloading the Insertion Operator for Printing ****
make all 
make: Nothing to be done for `all'.
14:18:40 **** Incremental Build of configuration Debug for project STL Complex Data Types ****
make all 
make: Nothing to be done for `all'.
14:18:40 **** Incremental Build of configuration Debug for project Sets ****
make all 
make: Nothing to be done for `all'.
14:18:41 **** Incremental Build of configuration Debug for project Sorting Vectors ****
make all 
make: Nothing to be done for `all'.
14:18:41 **** Incremental Build of configuration Debug for project Stack and Queue ****
make all 
make: Nothing to be done for `all'.
14:18:41 **** Incremental Build of configuration Debug for project Template Classes ****
make all 
make: Nothing to be done for `all'.
14:18:41 **** Incremental Build of configuration Debug for project Template Functions ****
make all 
make: Nothing to be done for `all'.
14:18:42 **** Incremental Build of configuration Debug for project Template Functions and Type Inference ****
make all 
make: Nothing to be done for `all'.
14:18:42 **** Incremental Build of configuration Debug for project The auto Keyword ****
make all 
make: Nothing to be done for `all'.
14:18:42 **** Incremental Build of configuration Debug for project Two Dimensional Vector ****
make all 
make: Nothing to be done for `all'.
14:18:42 **** Incremental Build of configuration Debug for project Using Function Pointers ****
make all 
make: Nothing to be done for `all'.
14:18:42 **** Incremental Build of configuration Debug for project Vectors ****
make all 
make: Nothing to be done for `all'.
14:18:43 **** Incremental Build of configuration Debug for project Vectors and Memory ****
make all 
make: Nothing to be done for `all'.
14:18:43 **** Incremental Build of configuration Debug for project Writing Text Files ****
make all 
make: Nothing to be done for `all'.
14:18:55 **** Incremental Build of configuration Debug for project A Complex Number Class ****
make all 
make: Nothing to be done for `all'.
14:18:55 **** Incremental Build of configuration Debug for project Abstract Classes ****
make all 
make: Nothing to be done for `all'.
14:18:56 **** Incremental Build of configuration Debug for project Auto Pointers ****
make all 
make: Nothing to be done for `all'.
14:18:56 **** Incremental Build of configuration Debug for project Custom Objects as Map Keys ****
make all 
make: Nothing to be done for `all'.
14:18:56 **** Incremental Build of configuration Debug for project Custom Objects as Map Values ****
make all 
make: Nothing to be done for `all'.
14:18:56 **** Incremental Build of configuration Debug for project Decltype and Typeid ****
make all 
make: Nothing to be done for `all'.
14:18:56 **** Incremental Build of configuration Debug for project Enhanced For Loop ****
make all 
make: Nothing to be done for `all'.
14:18:57 **** Incremental Build of configuration Debug for project Exception ****
make all 
make: Nothing to be done for `all'.
14:18:57 **** Incremental Build of configuration Debug for project Function Pointers ****
make all 
make: Nothing to be done for `all'.
14:18:57 **** Incremental Build of configuration Debug for project Functors ****
make all 
make: Nothing to be done for `all'.
14:18:57 **** Incremental Build of configuration Debug for project Lists ****
make all 
make: Nothing to be done for `all'.
14:18:57 **** Incremental Build of configuration Debug for project Maps ****
make all 
make: Nothing to be done for `all'.
14:18:58 **** Incremental Build of configuration Debug for project Multimap ****
make all 
make: Nothing to be done for `all'.
14:18:58 **** Incremental Build of configuration Debug for project Nested Template Classes ****
make all 
Building file: ../src/Nested Template Classes.cpp
Invoking: GCC C++ Compiler
g++ -O0 -g3 -Wall -c -fmessage-length=0 -std=gnu++11 -MMD -MP -MF"src/Nested Template Classes.d" -MT"src/Nested\ Template\ Classes.d" -o "src/Nested Template Classes.o" "../src/Nested Template Classes.cpp"
../src/Nested Template Classes.cpp:14:2: error: use of undeclared identifier 'ring'
        ring<string> textring(3);
        ^
../src/Nested Template Classes.cpp:14:7: error: unexpected type name 'string': expected expression
        ring<string> textring(3);
             ^
../src/Nested Template Classes.cpp:14:15: error: use of undeclared identifier 'textring'
        ring<string> textring(3);
                     ^
../src/Nested Template Classes.cpp:16:2: error: use of undeclared identifier 'textring'
        textring.add("one");
        ^
../src/Nested Template Classes.cpp:17:2: error: use of undeclared identifier 'textring'
        textring.add("two");
        ^
../src/Nested Template Classes.cpp:18:2: error: use of undeclared identifier 'textring'
        textring.add("three");
        ^
../src/Nested Template Classes.cpp:19:2: error: use of undeclared identifier 'textring'
        textring.add("four");
        ^
../src/Nested Template Classes.cpp:21:20: error: use of undeclared identifier 'textring'
        for (int i=0; i < textring.size(); i++)
                          ^
../src/Nested Template Classes.cpp:23:11: error: use of undeclared identifier 'textring'
                cout << textring.get(i) << endl;
                        ^
9 errors generated.
make: *** [src/Nested Template Classes.o] Error 1
14:18:58 **** Incremental Build of configuration Debug for project Object Slicing and Polymorphism ****
make all 
make: Nothing to be done for `all'.
14:18:59 **** Incremental Build of configuration Debug for project Overloading Comparison Operators ****
make all 
make: Nothing to be done for `all'.
14:18:59 **** Incremental Build of configuration Debug for project Overloading Plus ****
make all 
make: Nothing to be done for `all'.
14:18:59 **** Incremental Build of configuration Debug for project Overloading the Assignment Operator ****
make all 
make: Nothing to be done for `all'.
14:18:59 **** Incremental Build of configuration Debug for project Overloading the Dereference Operator ****
make all 
make: Nothing to be done for `all'.
14:18:59 **** Incremental Build of configuration Debug for project Overloading the Insertion Operator for Printing ****
make all 
make: Nothing to be done for `all'.
14:19:00 **** Incremental Build of configuration Debug for project STL Complex Data Types ****
make all 
make: Nothing to be done for `all'.
14:19:00 **** Incremental Build of configuration Debug for project Sets ****
make all 
make: Nothing to be done for `all'.
14:19:00 **** Incremental Build of configuration Debug for project Sorting Vectors ****
make all 
make: Nothing to be done for `all'.
14:19:00 **** Incremental Build of configuration Debug for project Stack and Queue ****
make all 
make: Nothing to be done for `all'.
14:19:01 **** Incremental Build of configuration Debug for project Template Classes ****
make all 
make: Nothing to be done for `all'.
14:19:01 **** Incremental Build of configuration Debug for project Template Functions ****
make all 
make: Nothing to be done for `all'.
14:19:01 **** Incremental Build of configuration Debug for project Template Functions and Type Inference ****
make all 
make: Nothing to be done for `all'.
14:19:01 **** Incremental Build of configuration Debug for project The auto Keyword ****
make all 
make: Nothing to be done for `all'.
14:19:01 **** Incremental Build of configuration Debug for project Two Dimensional Vector ****
make all 
make: Nothing to be done for `all'.
14:19:02 **** Incremental Build of configuration Debug for project Using Function Pointers ****
make all 
make: Nothing to be done for `all'.
14:19:02 **** Incremental Build of configuration Debug for project Vectors ****
make all 
make: Nothing to be done for `all'.
14:19:02 **** Incremental Build of configuration Debug for project Vectors and Memory ****
make all 
make: Nothing to be done for `all'.
14:19:02 **** Incremental Build of configuration Debug for project Writing Text Files ****
make all 
make: Nothing to be done for `all'.
14:21:24 **** Incremental Build of configuration Debug for project A Complex Number Class ****
make all 
make: Nothing to be done for `all'.
14:21:24 **** Incremental Build of configuration Debug for project Abstract Classes ****
make all 
make: Nothing to be done for `all'.
14:21:25 **** Incremental Build of configuration Debug for project Auto Pointers ****
make all 
make: Nothing to be done for `all'.
14:21:25 **** Incremental Build of configuration Debug for project Custom Objects as Map Keys ****
make all 
make: Nothing to be done for `all'.
14:21:25 **** Incremental Build of configuration Debug for project Custom Objects as Map Values ****
make all 
make: Nothing to be done for `all'.
14:21:26 **** Incremental Build of configuration Debug for project Decltype and Typeid ****
make all 
make: Nothing to be done for `all'.
14:21:26 **** Incremental Build of configuration Debug for project Enhanced For Loop ****
make all 
make: Nothing to be done for `all'.
14:21:26 **** Incremental Build of configuration Debug for project Exception ****
make all 
make: Nothing to be done for `all'.
14:21:27 **** Incremental Build of configuration Debug for project Function Pointers ****
make all 
make: Nothing to be done for `all'.
14:21:27 **** Incremental Build of configuration Debug for project Functors ****
make all 
make: Nothing to be done for `all'.
14:21:27 **** Incremental Build of configuration Debug for project Lists ****
make all 
make: Nothing to be done for `all'.
14:21:27 **** Incremental Build of configuration Debug for project Maps ****
make all 
make: Nothing to be done for `all'.
14:21:27 **** Incremental Build of configuration Debug for project Multimap ****
make all 
make: Nothing to be done for `all'.
14:21:27 **** Build of configuration Debug for project Nested Template Classes ****
make all 
Building file: ../src/Nested Template Classes.cpp
Invoking: GCC C++ Compiler
g++ -O0 -g3 -Wall -c -fmessage-length=0 -MMD -MP -MF"src/Nested Template Classes.d" -MT"src/Nested\ Template\ Classes.d" -o "src/Nested Template Classes.o" "../src/Nested Template Classes.cpp"
Finished building: ../src/Nested Template Classes.cpp
 
Building target: Nested Template Classes
Invoking: MacOS X C++ Linker
g++  -o "Nested Template Classes"  ./src/Nested\ Template\ Classes.o   
Finished building target: Nested Template Classes
 
14:21:28 **** Incremental Build of configuration Debug for project Object Slicing and Polymorphism ****
make all 
make: Nothing to be done for `all'.
14:21:28 **** Incremental Build of configuration Debug for project Overloading Comparison Operators ****
make all 
make: Nothing to be done for `all'.
14:21:28 **** Incremental Build of configuration Debug for project Overloading Plus ****
make all 
make: Nothing to be done for `all'.
14:21:29 **** Incremental Build of configuration Debug for project Overloading the Assignment Operator ****
make all 
make: Nothing to be done for `all'.
14:21:29 **** Incremental Build of configuration Debug for project Overloading the Dereference Operator ****
make all 
make: Nothing to be done for `all'.
14:21:29 **** Incremental Build of configuration Debug for project Overloading the Insertion Operator for Printing ****
make all 
make: Nothing to be done for `all'.
14:21:29 **** Incremental Build of configuration Debug for project STL Complex Data Types ****
make all 
make: Nothing to be done for `all'.
14:21:30 **** Incremental Build of configuration Debug for project Sets ****
make all 
make: Nothing to be done for `all'.
14:21:30 **** Incremental Build of configuration Debug for project Sorting Vectors ****
make all 
make: Nothing to be done for `all'.
14:21:30 **** Incremental Build of configuration Debug for project Stack and Queue ****
make all 
make: Nothing to be done for `all'.
14:21:30 **** Incremental Build of configuration Debug for project Template Classes ****
make all 
make: Nothing to be done for `all'.
14:21:30 **** Incremental Build of configuration Debug for project Template Functions ****
make all 
make: Nothing to be done for `all'.
14:21:31 **** Incremental Build of configuration Debug for project Template Functions and Type Inference ****
make all 
make: Nothing to be done for `all'.
14:21:31 **** Incremental Build of configuration Debug for project The auto Keyword ****
make all 
make: Nothing to be done for `all'.
14:21:31 **** Incremental Build of configuration Debug for project Two Dimensional Vector ****
make all 
make: Nothing to be done for `all'.
14:21:31 **** Incremental Build of configuration Debug for project Using Function Pointers ****
make all 
make: Nothing to be done for `all'.
14:21:31 **** Incremental Build of configuration Debug for project Vectors ****
make all 
make: Nothing to be done for `all'.
14:21:32 **** Incremental Build of configuration Debug for project Vectors and Memory ****
make all 
make: Nothing to be done for `all'.
14:21:32 **** Incremental Build of configuration Debug for project Writing Text Files ****
make all 
make: Nothing to be done for `all'.
14:22:58 **** Incremental Build of configuration Debug for project A Complex Number Class ****
make all 
make: Nothing to be done for `all'.
14:22:58 **** Incremental Build of configuration Debug for project Abstract Classes ****
make all 
make: Nothing to be done for `all'.
14:22:58 **** Incremental Build of configuration Debug for project Auto Pointers ****
make all 
make: Nothing to be done for `all'.
14:22:58 **** Incremental Build of configuration Debug for project Custom Objects as Map Keys ****
make all 
make: Nothing to be done for `all'.
14:22:59 **** Incremental Build of configuration Debug for project Custom Objects as Map Values ****
make all 
make: Nothing to be done for `all'.
14:22:59 **** Incremental Build of configuration Debug for project Decltype and Typeid ****
make all 
make: Nothing to be done for `all'.
14:22:59 **** Incremental Build of configuration Debug for project Enhanced For Loop ****
make all 
make: Nothing to be done for `all'.
14:22:59 **** Incremental Build of configuration Debug for project Exception ****
make all 
make: Nothing to be done for `all'.
14:22:59 **** Incremental Build of configuration Debug for project Function Pointers ****
make all 
make: Nothing to be done for `all'.
14:23:00 **** Incremental Build of configuration Debug for project Functors ****
make all 
make: Nothing to be done for `all'.
14:23:00 **** Incremental Build of configuration Debug for project Lists ****
make all 
make: Nothing to be done for `all'.
14:23:00 **** Incremental Build of configuration Debug for project Maps ****
make all 
make: Nothing to be done for `all'.
14:23:00 **** Incremental Build of configuration Debug for project Multimap ****
make all 
make: Nothing to be done for `all'.
14:23:00 **** Incremental Build of configuration Debug for project Nested Template Classes ****
make all 
Building file: ../src/Nested Template Classes.cpp
Invoking: GCC C++ Compiler
g++ -O0 -g3 -Wall -c -fmessage-length=0 -std=gnu++11 -MMD -MP -MF"src/Nested Template Classes.d" -MT"src/Nested\ Template\ Classes.d" -o "src/Nested Template Classes.o" "../src/Nested Template Classes.cpp"
Finished building: ../src/Nested Template Classes.cpp
 
Building target: Nested Template Classes
Invoking: MacOS X C++ Linker
g++  -o "Nested Template Classes"  ./src/Nested\ Template\ Classes.o   
Finished building target: Nested Template Classes
 
14:23:01 **** Incremental Build of configuration Debug for project Object Slicing and Polymorphism ****
make all 
make: Nothing to be done for `all'.
14:23:01 **** Incremental Build of configuration Debug for project Overloading Comparison Operators ****
make all 
make: Nothing to be done for `all'.
14:23:01 **** Incremental Build of configuration Debug for project Overloading Plus ****
make all 
make: Nothing to be done for `all'.
14:23:02 **** Incremental Build of configuration Debug for project Overloading the Assignment Operator ****
make all 
make: Nothing to be done for `all'.
14:23:02 **** Incremental Build of configuration Debug for project Overloading the Dereference Operator ****
make all 
make: Nothing to be done for `all'.
14:23:02 **** Incremental Build of configuration Debug for project Overloading the Insertion Operator for Printing ****
make all 
make: Nothing to be done for `all'.
14:23:02 **** Incremental Build of configuration Debug for project STL Complex Data Types ****
make all 
make: Nothing to be done for `all'.
14:23:02 **** Incremental Build of configuration Debug for project Sets ****
make all 
make: Nothing to be done for `all'.
14:23:03 **** Incremental Build of configuration Debug for project Sorting Vectors ****
make all 
make: Nothing to be done for `all'.
14:23:03 **** Incremental Build of configuration Debug for project Stack and Queue ****
make all 
make: Nothing to be done for `all'.
14:23:03 **** Incremental Build of configuration Debug for project Template Classes ****
make all 
make: Nothing to be done for `all'.
14:23:03 **** Incremental Build of configuration Debug for project Template Functions ****
make all 
make: Nothing to be done for `all'.
14:23:04 **** Incremental Build of configuration Debug for project Template Functions and Type Inference ****
make all 
make: Nothing to be done for `all'.
14:23:04 **** Incremental Build of configuration Debug for project The auto Keyword ****
make all 
make: Nothing to be done for `all'.
14:23:04 **** Incremental Build of configuration Debug for project Two Dimensional Vector ****
make all 
make: Nothing to be done for `all'.
14:23:04 **** Incremental Build of configuration Debug for project Using Function Pointers ****
make all 
make: Nothing to be done for `all'.
14:23:04 **** Incremental Build of configuration Debug for project Vectors ****
make all 
make: Nothing to be done for `all'.
14:23:05 **** Incremental Build of configuration Debug for project Vectors and Memory ****
make all 
make: Nothing to be done for `all'.
14:23:05 **** Incremental Build of configuration Debug for project Writing Text Files ****
make all 
make: Nothing to be done for `all'.
14:42:17 **** Incremental Build of configuration Debug for project Nested Template Classes ****
make all 
make: Nothing to be done for `all'.
15:36:38 **** Incremental Build of configuration Debug for project Nested Template Classes ****
make all 
Building file: ../src/Nested Template Classes.cpp
Invoking: GCC C++ Compiler
g++ -O0 -g3 -Wall -c -fmessage-length=0 -std=gnu++11 -MMD -MP -MF"src/Nested Template Classes.d" -MT"src/Nested\ Template\ Classes.d" -o "src/Nested Template Classes.o" "../src/Nested Template Classes.cpp"
../src/Nested Template Classes.cpp:14:2: error: use of undeclared identifier 'ring'
        ring<string> textring(3);
        ^
../src/Nested Template Classes.cpp:14:7: error: unexpected type name 'string': expected expression
        ring<string> textring(3);
             ^
../src/Nested Template Classes.cpp:14:15: error: use of undeclared identifier 'textring'
        ring<string> textring(3);
                     ^
../src/Nested Template Classes.cpp:16:2: error: use of undeclared identifier 'textring'
        textring.add("one");
        ^
../src/Nested Template Classes.cpp:17:2: error: use of undeclared identifier 'textring'
        textring.add("two");
        ^
../src/Nested Template Classes.cpp:18:2: error: use of undeclared identifier 'textring'
        textring.add("three");
        ^
../src/Nested Template Classes.cpp:19:2: error: use of undeclared identifier 'textring'
        textring.add("four");
        ^
../src/Nested Template Classes.cpp:21:20: error: use of undeclared identifier 'textring'
        for (int i=0; i < textring.size(); i++) {
                          ^
../src/Nested Template Classes.cpp:22:11: error: use of undeclared identifier 'textring'
                cout << textring.get(i) << endl;
                        ^
9 errors generated.
make: *** [src/Nested Template Classes.o] Error 1
15:46:22 **** Incremental Build of configuration Debug for project Nested Template Classes ****
make all 
Building file: ../src/Nested Template Classes.cpp
Invoking: GCC C++ Compiler
g++ -O0 -g3 -Wall -c -fmessage-length=0 -std=gnu++11 -MMD -MP -MF"src/Nested Template Classes.d" -MT"src/Nested\ Template\ Classes.d" -o "src/Nested Template Classes.o" "../src/Nested Template Classes.cpp"
Finished building: ../src/Nested Template Classes.cpp
 
Building target: Nested Template Classes
Invoking: MacOS X C++ Linker
g++  -o "Nested Template Classes"  ./src/Nested\ Template\ Classes.o   
Finished building target: Nested Template Classes
 
15:49:06 **** Incremental Build of configuration Debug for project Nested Template Classes ****
make all 
Building file: ../src/Nested Template Classes.cpp
Invoking: GCC C++ Compiler
g++ -O0 -g3 -Wall -c -fmessage-length=0 -std=gnu++11 -MMD -MP -MF"src/Nested Template Classes.d" -MT"src/Nested\ Template\ Classes.d" -o "src/Nested Template Classes.o" "../src/Nested Template Classes.cpp"
Finished building: ../src/Nested Template Classes.cpp
 
Building target: Nested Template Classes
Invoking: MacOS X C++ Linker
g++  -o "Nested Template Classes"  ./src/Nested\ Template\ Classes.o   
Finished building target: Nested Template Classes
 
15:51:26 **** Incremental Build of configuration Debug for project Nested Template Classes ****
make all 
Building file: ../src/Nested Template Classes.cpp
Invoking: GCC C++ Compiler
g++ -O0 -g3 -Wall -c -fmessage-length=0 -std=gnu++11 -MMD -MP -MF"src/Nested Template Classes.d" -MT"src/Nested\ Template\ Classes.d" -o "src/Nested Template Classes.o" "../src/Nested Template Classes.cpp"
../src/Nested Template Classes.cpp:18:10: error: indirection requires pointer operand ('ring<string>::iterator' invalid)
        cout << *it << endl;
                ^~~
1 error generated.
make: *** [src/Nested Template Classes.o] Error 1
15:51:46 **** Incremental Build of configuration Debug for project Nested Template Classes ****
make all 
Building file: ../src/Nested Template Classes.cpp
Invoking: GCC C++ Compiler
g++ -O0 -g3 -Wall -c -fmessage-length=0 -std=gnu++11 -MMD -MP -MF"src/Nested Template Classes.d" -MT"src/Nested\ Template\ Classes.d" -o "src/Nested Template Classes.o" "../src/Nested Template Classes.cpp"
Finished building: ../src/Nested Template Classes.cpp
 
Building target: Nested Template Classes
Invoking: MacOS X C++ Linker
g++  -o "Nested Template Classes"  ./src/Nested\ Template\ Classes.o   
Finished building target: Nested Template Classes
 
15:52:22 **** Incremental Build of configuration Debug for project Nested Template Classes ****
make all 
Building file: ../src/Nested Template Classes.cpp
Invoking: GCC C++ Compiler
g++ -O0 -g3 -Wall -c -fmessage-length=0 -std=gnu++11 -MMD -MP -MF"src/Nested Template Classes.d" -MT"src/Nested\ Template\ Classes.d" -o "src/Nested Template Classes.o" "../src/Nested Template Classes.cpp"
Finished building: ../src/Nested Template Classes.cpp
 
Building target: Nested Template Classes
Invoking: MacOS X C++ Linker
g++  -o "Nested Template Classes"  ./src/Nested\ Template\ Classes.o   
Finished building target: Nested Template Classes
 
